2025-10-21 20:40:59,465 - INFO - Начало пузырьковой сортировки: [15, 2, 135, 789, 3]
2025-10-21 20:40:59,466 - INFO - Внешняя итерация 1: [15, 2, 135, 789, 3]
2025-10-21 20:40:59,466 - INFO - Итерация 1: сравниваем элементы 15 и 2
2025-10-21 20:40:59,466 - INFO - Обмен: 15 <-> 2, новый массив: [2, 15, 135, 789, 3]
2025-10-21 20:40:59,466 - INFO - Итерация 2: сравниваем элементы 15 и 135
2025-10-21 20:40:59,466 - INFO - Итерация 3: сравниваем элементы 135 и 789
2025-10-21 20:40:59,466 - INFO - Итерация 4: сравниваем элементы 789 и 3
2025-10-21 20:40:59,466 - INFO - Обмен: 789 <-> 3, новый массив: [2, 15, 135, 3, 789]
2025-10-21 20:40:59,466 - INFO - Внешняя итерация 2: [2, 15, 135, 3, 789]
2025-10-21 20:40:59,466 - INFO - Итерация 5: сравниваем элементы 2 и 15
2025-10-21 20:40:59,466 - INFO - Итерация 6: сравниваем элементы 15 и 135
2025-10-21 20:40:59,466 - INFO - Итерация 7: сравниваем элементы 135 и 3
2025-10-21 20:40:59,466 - INFO - Обмен: 135 <-> 3, новый массив: [2, 15, 3, 135, 789]
2025-10-21 20:40:59,466 - INFO - Итерация 8: сравниваем элементы 135 и 789
2025-10-21 20:40:59,466 - INFO - Внешняя итерация 3: [2, 15, 3, 135, 789]
2025-10-21 20:40:59,466 - INFO - Итерация 9: сравниваем элементы 2 и 15
2025-10-21 20:40:59,466 - INFO - Итерация 10: сравниваем элементы 15 и 3
2025-10-21 20:40:59,467 - INFO - Обмен: 15 <-> 3, новый массив: [2, 3, 15, 135, 789]
2025-10-21 20:40:59,467 - INFO - Итерация 11: сравниваем элементы 15 и 135
2025-10-21 20:40:59,467 - INFO - Итерация 12: сравниваем элементы 135 и 789
2025-10-21 20:40:59,467 - INFO - Внешняя итерация 4: [2, 3, 15, 135, 789]
2025-10-21 20:40:59,467 - INFO - Итерация 13: сравниваем элементы 2 и 3
2025-10-21 20:40:59,467 - INFO - Итерация 14: сравниваем элементы 3 и 15
2025-10-21 20:40:59,467 - INFO - Итерация 15: сравниваем элементы 15 и 135
2025-10-21 20:40:59,467 - INFO - Итерация 16: сравниваем элементы 135 и 789
2025-10-21 20:40:59,467 - INFO - Конец пузырьковой сортировки: [2, 3, 15, 135, 789]
2025-10-21 20:40:59,467 - INFO - Всего итераций: 16, внешних итераций: 4
2025-10-21 20:40:59,467 - INFO - Начало сортировки выборкой: [1, 8000, 37, 52, 11]
2025-10-21 20:40:59,467 - INFO - Внешняя итерация 1: [1, 8000, 37, 52, 11]
2025-10-21 20:40:59,467 - INFO - Внутренняя итерация: сравниваем 8000 и 1
2025-10-21 20:40:59,467 - INFO - Внутренняя итерация: сравниваем 37 и 1
2025-10-21 20:40:59,467 - INFO - Внутренняя итерация: сравниваем 52 и 1
2025-10-21 20:40:59,467 - INFO - Внутренняя итерация: сравниваем 11 и 1
2025-10-21 20:40:59,467 - INFO - Внешняя итерация 2: [1, 8000, 37, 52, 11]
2025-10-21 20:40:59,467 - INFO - Внутренняя итерация: сравниваем 37 и 8000
2025-10-21 20:40:59,467 - INFO - Новый минимальный элемент: 37 на позиции 2
2025-10-21 20:40:59,467 - INFO - Внутренняя итерация: сравниваем 52 и 37
2025-10-21 20:40:59,467 - INFO - Внутренняя итерация: сравниваем 11 и 37
2025-10-21 20:40:59,467 - INFO - Новый минимальный элемент: 11 на позиции 4
2025-10-21 20:40:59,467 - INFO - Обмен: 8000 <-> 11, новый массив: [1, 11, 37, 52, 8000]
2025-10-21 20:40:59,467 - INFO - Внешняя итерация 3: [1, 11, 37, 52, 8000]
2025-10-21 20:40:59,467 - INFO - Внутренняя итерация: сравниваем 52 и 37
2025-10-21 20:40:59,467 - INFO - Внутренняя итерация: сравниваем 8000 и 37
2025-10-21 20:40:59,467 - INFO - Внешняя итерация 4: [1, 11, 37, 52, 8000]
2025-10-21 20:40:59,467 - INFO - Внутренняя итерация: сравниваем 8000 и 52
2025-10-21 20:40:59,467 - INFO - Внешняя итерация 5: [1, 11, 37, 52, 8000]
2025-10-21 20:40:59,467 - INFO - Конец сортировки выборкой: [1, 11, 37, 52, 8000]
2025-10-21 20:40:59,467 - INFO - Всего итераций: 15
2025-10-21 20:40:59,467 - INFO - Начало сортировки вставками: [91, 1, 15, 28, 6]
2025-10-21 20:40:59,467 - INFO - Итерация 1: текущий массив [91, 1, 15, 28, 6]
2025-10-21 20:40:59,468 - INFO - Элемент для вставки: 1
2025-10-21 20:40:59,468 - INFO - Сдвиг элемента 91 на позицию 1: [91, 91, 15, 28, 6]
2025-10-21 20:40:59,468 - INFO - Вставка элемента 1 на позицию 0: [1, 91, 15, 28, 6]
2025-10-21 20:40:59,468 - INFO - Итерация 2: текущий массив [1, 91, 15, 28, 6]
2025-10-21 20:40:59,468 - INFO - Элемент для вставки: 15
2025-10-21 20:40:59,468 - INFO - Сдвиг элемента 91 на позицию 2: [1, 91, 91, 28, 6]
2025-10-21 20:40:59,468 - INFO - Вставка элемента 15 на позицию 1: [1, 15, 91, 28, 6]
2025-10-21 20:40:59,468 - INFO - Итерация 3: текущий массив [1, 15, 91, 28, 6]
2025-10-21 20:40:59,468 - INFO - Элемент для вставки: 28
2025-10-21 20:40:59,468 - INFO - Сдвиг элемента 91 на позицию 3: [1, 15, 91, 91, 6]
2025-10-21 20:40:59,468 - INFO - Вставка элемента 28 на позицию 2: [1, 15, 28, 91, 6]
2025-10-21 20:40:59,468 - INFO - Итерация 4: текущий массив [1, 15, 28, 91, 6]
2025-10-21 20:40:59,468 - INFO - Элемент для вставки: 6
2025-10-21 20:40:59,468 - INFO - Сдвиг элемента 91 на позицию 4: [1, 15, 28, 91, 91]
2025-10-21 20:40:59,468 - INFO - Сдвиг элемента 28 на позицию 3: [1, 15, 28, 28, 91]
2025-10-21 20:40:59,468 - INFO - Сдвиг элемента 15 на позицию 2: [1, 15, 15, 28, 91]
2025-10-21 20:40:59,468 - INFO - Вставка элемента 6 на позицию 1: [1, 6, 15, 28, 91]
2025-10-21 20:40:59,468 - INFO - Конец сортировки вставками: [1, 6, 15, 28, 91]
2025-10-21 20:40:59,468 - INFO - Всего итераций: 10
2025-10-21 20:40:59,468 - INFO - Начало пирамидальной сортировки: [35, 12, 43, 8, 51]
2025-10-21 20:40:59,468 - INFO - Построение Max Heap:
2025-10-21 20:40:59,468 - INFO - Пропуск элемента 5 (вне границ массива)
2025-10-21 20:40:59,468 - INFO - Построение кучи: обработка элемента 4
2025-10-21 20:40:59,468 - INFO - Heapify итерация 2: корень 4, значение 51, массив [35, 12, 43, 8, 51]
2025-10-21 20:40:59,468 - INFO - Левый потомок: индекс 9, значение N/A
2025-10-21 20:40:59,468 - INFO - Правый потомок: индекс 10, значение N/A
2025-10-21 20:40:59,468 - INFO - Построение кучи: обработка элемента 3
2025-10-21 20:40:59,468 - INFO - Heapify итерация 4: корень 3, значение 8, массив [35, 12, 43, 8, 51]
2025-10-21 20:40:59,468 - INFO - Левый потомок: индекс 7, значение N/A
2025-10-21 20:40:59,468 - INFO - Правый потомок: индекс 8, значение N/A
2025-10-21 20:40:59,469 - INFO - Построение кучи: обработка элемента 2
2025-10-21 20:40:59,469 - INFO - Heapify итерация 6: корень 2, значение 43, массив [35, 12, 43, 8, 51]
2025-10-21 20:40:59,469 - INFO - Левый потомок: индекс 5, значение N/A
2025-10-21 20:40:59,469 - INFO - Правый потомок: индекс 6, значение N/A
2025-10-21 20:40:59,469 - INFO - Построение кучи: обработка элемента 1
2025-10-21 20:40:59,469 - INFO - Heapify итерация 8: корень 1, значение 12, массив [35, 12, 43, 8, 51]
2025-10-21 20:40:59,469 - INFO - Левый потомок: индекс 3, значение 8
2025-10-21 20:40:59,469 - INFO - Правый потомок: индекс 4, значение 51
2025-10-21 20:40:59,469 - INFO - Новый наибольший: правый потомок 51
2025-10-21 20:40:59,469 - INFO - Обмен: 12 <-> 51, новый массив: [35, 51, 43, 8, 12]
2025-10-21 20:40:59,469 - INFO - Heapify итерация 9: корень 4, значение 12, массив [35, 51, 43, 8, 12]
2025-10-21 20:40:59,469 - INFO - Левый потомок: индекс 9, значение N/A
2025-10-21 20:40:59,469 - INFO - Правый потомок: индекс 10, значение N/A
2025-10-21 20:40:59,469 - INFO - Построение кучи: обработка элемента 0
2025-10-21 20:40:59,469 - INFO - Heapify итерация 11: корень 0, значение 35, массив [35, 51, 43, 8, 12]
2025-10-21 20:40:59,469 - INFO - Левый потомок: индекс 1, значение 51
2025-10-21 20:40:59,469 - INFO - Правый потомок: индекс 2, значение 43
2025-10-21 20:40:59,469 - INFO - Новый наибольший: левый потомок 51
2025-10-21 20:40:59,469 - INFO - Обмен: 35 <-> 51, новый массив: [51, 35, 43, 8, 12]
2025-10-21 20:40:59,469 - INFO - Heapify итерация 12: корень 1, значение 35, массив [51, 35, 43, 8, 12]
2025-10-21 20:40:59,469 - INFO - Левый потомок: индекс 3, значение 8
2025-10-21 20:40:59,469 - INFO - Правый потомок: индекс 4, значение 12
2025-10-21 20:40:59,469 - INFO - Max Heap построен: [51, 35, 43, 8, 12]
2025-10-21 20:40:59,469 - INFO - Извлечение элементов из кучи:
2025-10-21 20:40:59,469 - INFO - Извлечение: перемещаем корень 51 в конец на позицию 4
2025-10-21 20:40:59,469 - INFO - После обмена: [12, 35, 43, 8, 51]
2025-10-21 20:40:59,469 - INFO - Heapify итерация 14: корень 0, значение 12, массив [12, 35, 43, 8, 51]
2025-10-21 20:40:59,469 - INFO - Левый потомок: индекс 1, значение 35
2025-10-21 20:40:59,469 - INFO - Правый потомок: индекс 2, значение 43
2025-10-21 20:40:59,470 - INFO - Новый наибольший: левый потомок 35
2025-10-21 20:40:59,470 - INFO - Новый наибольший: правый потомок 43
2025-10-21 20:40:59,470 - INFO - Обмен: 12 <-> 43, новый массив: [43, 35, 12, 8, 51]
2025-10-21 20:40:59,470 - INFO - Heapify итерация 15: корень 2, значение 12, массив [43, 35, 12, 8, 51]
2025-10-21 20:40:59,470 - INFO - Левый потомок: индекс 5, значение N/A
2025-10-21 20:40:59,470 - INFO - Правый потомок: индекс 6, значение N/A
2025-10-21 20:40:59,470 - INFO - Извлечение: перемещаем корень 43 в конец на позицию 3
2025-10-21 20:40:59,470 - INFO - После обмена: [8, 35, 12, 43, 51]
2025-10-21 20:40:59,470 - INFO - Heapify итерация 17: корень 0, значение 8, массив [8, 35, 12, 43, 51]
2025-10-21 20:40:59,470 - INFO - Левый потомок: индекс 1, значение 35
2025-10-21 20:40:59,470 - INFO - Правый потомок: индекс 2, значение 12
2025-10-21 20:40:59,470 - INFO - Новый наибольший: левый потомок 35
2025-10-21 20:40:59,470 - INFO - Обмен: 8 <-> 35, новый массив: [35, 8, 12, 43, 51]
2025-10-21 20:40:59,470 - INFO - Heapify итерация 18: корень 1, значение 8, массив [35, 8, 12, 43, 51]
2025-10-21 20:40:59,470 - INFO - Левый потомок: индекс 3, значение N/A
2025-10-21 20:40:59,470 - INFO - Правый потомок: индекс 4, значение N/A
2025-10-21 20:40:59,470 - INFO - Извлечение: перемещаем корень 35 в конец на позицию 2
2025-10-21 20:40:59,470 - INFO - После обмена: [12, 8, 35, 43, 51]
2025-10-21 20:40:59,470 - INFO - Heapify итерация 20: корень 0, значение 12, массив [12, 8, 35, 43, 51]
2025-10-21 20:40:59,470 - INFO - Левый потомок: индекс 1, значение 8
2025-10-21 20:40:59,470 - INFO - Правый потомок: индекс 2, значение N/A
2025-10-21 20:40:59,470 - INFO - Извлечение: перемещаем корень 12 в конец на позицию 1
2025-10-21 20:40:59,470 - INFO - После обмена: [8, 12, 35, 43, 51]
2025-10-21 20:40:59,470 - INFO - Heapify итерация 22: корень 0, значение 8, массив [8, 12, 35, 43, 51]
2025-10-21 20:40:59,470 - INFO - Левый потомок: индекс 1, значение N/A
2025-10-21 20:40:59,470 - INFO - Правый потомок: индекс 2, значение N/A
2025-10-21 20:40:59,470 - INFO - Конец пирамидальной сортировки: [8, 12, 35, 43, 51]
2025-10-21 20:40:59,470 - INFO - Всего итераций: 22
2025-10-21 20:40:59,470 - INFO - === НАЧАЛО СОРТИРОВКИ СЛИЯНИЕМ ===
2025-10-21 20:40:59,470 - INFO - Рекурсия глубины 0: сортируем [120, 45, 68, 250, 176]
2025-10-21 20:40:59,470 - INFO - Разделение: mid=2, left=[120, 45], right=[68, 250, 176]
2025-10-21 20:40:59,470 - INFO -   Рекурсия глубины 1: сортируем [120, 45]
2025-10-21 20:40:59,470 - INFO -   Разделение: mid=1, left=[120], right=[45]
2025-10-21 20:40:59,471 - INFO -     Рекурсия глубины 2: сортируем [120]
2025-10-21 20:40:59,471 - INFO -     Базовый случай: [120]
2025-10-21 20:40:59,471 - INFO -     Рекурсия глубины 2: сортируем [45]
2025-10-21 20:40:59,471 - INFO -     Базовый случай: [45]
2025-10-21 20:40:59,471 - INFO - Начало слияния: left=[120], right=[45]
2025-10-21 20:40:59,471 - INFO - Слияние итерация 1: left_index=0, right_index=0
2025-10-21 20:40:59,471 - INFO - Текущий отсортированный список: []
2025-10-21 20:40:59,471 - INFO - Добавлен элемент из правого списка: 45
2025-10-21 20:40:59,471 - INFO - Слияние итерация 2: left_index=0, right_index=1
2025-10-21 20:40:59,471 - INFO - Текущий отсортированный список: [45]
2025-10-21 20:40:59,471 - INFO - Конец правого списка, добавлен из левого: 120
2025-10-21 20:40:59,471 - INFO - Конец слияния: [45, 120]
2025-10-21 20:40:59,471 - INFO -   Объединение завершено: [45, 120], итераций слияния: 2
2025-10-21 20:40:59,471 - INFO -   Рекурсия глубины 1: сортируем [68, 250, 176]
2025-10-21 20:40:59,471 - INFO -   Разделение: mid=1, left=[68], right=[250, 176]
2025-10-21 20:40:59,471 - INFO -     Рекурсия глубины 2: сортируем [68]
2025-10-21 20:40:59,471 - INFO -     Базовый случай: [68]
2025-10-21 20:40:59,471 - INFO -     Рекурсия глубины 2: сортируем [250, 176]
2025-10-21 20:40:59,471 - INFO -     Разделение: mid=1, left=[250], right=[176]
2025-10-21 20:40:59,471 - INFO -       Рекурсия глубины 3: сортируем [250]
2025-10-21 20:40:59,471 - INFO -       Базовый случай: [250]
2025-10-21 20:40:59,471 - INFO -       Рекурсия глубины 3: сортируем [176]
2025-10-21 20:40:59,471 - INFO -       Базовый случай: [176]
2025-10-21 20:40:59,471 - INFO - Начало слияния: left=[250], right=[176]
2025-10-21 20:40:59,471 - INFO - Слияние итерация 1: left_index=0, right_index=0
2025-10-21 20:40:59,471 - INFO - Текущий отсортированный список: []
2025-10-21 20:40:59,471 - INFO - Добавлен элемент из правого списка: 176
2025-10-21 20:40:59,471 - INFO - Слияние итерация 2: left_index=0, right_index=1
2025-10-21 20:40:59,471 - INFO - Текущий отсортированный список: [176]
2025-10-21 20:40:59,471 - INFO - Конец правого списка, добавлен из левого: 250
2025-10-21 20:40:59,471 - INFO - Конец слияния: [176, 250]
2025-10-21 20:40:59,471 - INFO -     Объединение завершено: [176, 250], итераций слияния: 2
2025-10-21 20:40:59,471 - INFO - Начало слияния: left=[68], right=[176, 250]
2025-10-21 20:40:59,471 - INFO - Слияние итерация 1: left_index=0, right_index=0
2025-10-21 20:40:59,471 - INFO - Текущий отсортированный список: []
2025-10-21 20:40:59,471 - INFO - Добавлен элемент из левого списка: 68
2025-10-21 20:40:59,471 - INFO - Слияние итерация 2: left_index=1, right_index=0
2025-10-21 20:40:59,471 - INFO - Текущий отсортированный список: [68]
2025-10-21 20:40:59,471 - INFO - Конец левого списка, добавлен из правого: 176
2025-10-21 20:40:59,471 - INFO - Слияние итерация 3: left_index=1, right_index=1
2025-10-21 20:40:59,471 - INFO - Текущий отсортированный список: [68, 176]
2025-10-21 20:40:59,471 - INFO - Конец левого списка, добавлен из правого: 250
2025-10-21 20:40:59,471 - INFO - Конец слияния: [68, 176, 250]
2025-10-21 20:40:59,471 - INFO -   Объединение завершено: [68, 176, 250], итераций слияния: 3
2025-10-21 20:40:59,471 - INFO - Начало слияния: left=[45, 120], right=[68, 176, 250]
2025-10-21 20:40:59,471 - INFO - Слияние итерация 1: left_index=0, right_index=0
2025-10-21 20:40:59,471 - INFO - Текущий отсортированный список: []
2025-10-21 20:40:59,471 - INFO - Добавлен элемент из левого списка: 45
2025-10-21 20:40:59,472 - INFO - Слияние итерация 2: left_index=1, right_index=0
2025-10-21 20:40:59,472 - INFO - Текущий отсортированный список: [45]
2025-10-21 20:40:59,472 - INFO - Добавлен элемент из правого списка: 68
2025-10-21 20:40:59,472 - INFO - Слияние итерация 3: left_index=1, right_index=1
2025-10-21 20:40:59,472 - INFO - Текущий отсортированный список: [45, 68]
2025-10-21 20:40:59,472 - INFO - Добавлен элемент из левого списка: 120
2025-10-21 20:40:59,472 - INFO - Слияние итерация 4: left_index=2, right_index=1
2025-10-21 20:40:59,472 - INFO - Текущий отсортированный список: [45, 68, 120]
2025-10-21 20:40:59,472 - INFO - Конец левого списка, добавлен из правого: 176
2025-10-21 20:40:59,472 - INFO - Слияние итерация 5: left_index=2, right_index=2
2025-10-21 20:40:59,472 - INFO - Текущий отсортированный список: [45, 68, 120, 176]
2025-10-21 20:40:59,472 - INFO - Конец левого списка, добавлен из правого: 250
2025-10-21 20:40:59,472 - INFO - Конец слияния: [45, 68, 120, 176, 250]
2025-10-21 20:40:59,472 - INFO - Объединение завершено: [45, 68, 120, 176, 250], итераций слияния: 5
2025-10-21 20:40:59,472 - INFO - начало быстрой сортировки
2025-10-21 20:40:59,472 - INFO - Исходный массив: [22, 5, 1, 18, 99]
2025-10-21 20:40:59,472 - INFO - Быстрая сортировка вызов 1: low=0, high=4, подмассив=[22, 5, 1, 18, 99]
2025-10-21 20:40:59,472 - INFO - Разделение 1: low=0, high=4, pivot=1, массив=[22, 5, 1, 18, 99]
2025-10-21 20:40:59,472 - INFO - Разделение 1, итерация 1: i=-1, j=5
2025-10-21 20:40:59,472 - INFO - Уменьшаем j до 3 (nums[j]=18)
2025-10-21 20:40:59,472 - INFO - Уменьшаем j до 2 (nums[j]=1)
2025-10-21 20:40:59,472 - INFO - После поиска: i=0, j=2
2025-10-21 20:40:59,472 - INFO - Обмен: nums[0]=22 <-> nums[2]=1
2025-10-21 20:40:59,472 - INFO - После обмена: [1, 5, 22, 18, 99]
2025-10-21 20:40:59,472 - INFO - Разделение 1, итерация 2: i=0, j=2
2025-10-21 20:40:59,472 - INFO - Уменьшаем j до 0 (nums[j]=1)
2025-10-21 20:40:59,472 - INFO - После поиска: i=1, j=0
2025-10-21 20:40:59,472 - INFO - Разделение 1 завершено: split_index=0
2025-10-21 20:40:59,472 - INFO - Разделение завершено: split_index=0
2025-10-21 20:40:59,472 - INFO -   Быстрая сортировка вызов 2: low=0, high=0, подмассив=[1]
2025-10-21 20:40:59,472 - INFO -   Базовый случай: low=0, high=0
2025-10-21 20:40:59,472 - INFO -   Быстрая сортировка вызов 3: low=1, high=4, подмассив=[5, 22, 18, 99]
2025-10-21 20:40:59,472 - INFO - Разделение 2: low=1, high=4, pivot=22, массив=[5, 22, 18, 99]
2025-10-21 20:40:59,472 - INFO - Разделение 2, итерация 1: i=0, j=5
2025-10-21 20:40:59,472 - INFO - Увеличиваем i до 2 (nums[i]=22)
2025-10-21 20:40:59,472 - INFO - Уменьшаем j до 3 (nums[j]=18)
2025-10-21 20:40:59,472 - INFO - После поиска: i=2, j=3
2025-10-21 20:40:59,472 - INFO - Обмен: nums[2]=22 <-> nums[3]=18
2025-10-21 20:40:59,472 - INFO - После обмена: [5, 18, 22, 99]
2025-10-21 20:40:59,472 - INFO - Разделение 2, итерация 2: i=2, j=3
2025-10-21 20:40:59,472 - INFO - После поиска: i=3, j=2
2025-10-21 20:40:59,472 - INFO - Разделение 2 завершено: split_index=2
2025-10-21 20:40:59,472 - INFO -   Разделение завершено: split_index=2
2025-10-21 20:40:59,472 - INFO -     Быстрая сортировка вызов 4: low=1, high=2, подмассив=[5, 18]
2025-10-21 20:40:59,472 - INFO - Разделение 3: low=1, high=2, pivot=5, массив=[5, 18]
2025-10-21 20:40:59,472 - INFO - Разделение 3, итерация 1: i=0, j=3
2025-10-21 20:40:59,472 - INFO - Уменьшаем j до 1 (nums[j]=5)
2025-10-21 20:40:59,472 - INFO - После поиска: i=1, j=1
2025-10-21 20:40:59,472 - INFO - Разделение 3 завершено: split_index=1
2025-10-21 20:40:59,472 - INFO -     Разделение завершено: split_index=1
2025-10-21 20:40:59,473 - INFO -       Быстрая сортировка вызов 5: low=1, high=1, подмассив=[5]
2025-10-21 20:40:59,473 - INFO -       Базовый случай: low=1, high=1
2025-10-21 20:40:59,473 - INFO -       Быстрая сортировка вызов 6: low=2, high=2, подмассив=[18]
2025-10-21 20:40:59,473 - INFO -       Базовый случай: low=2, high=2
2025-10-21 20:40:59,473 - INFO -     Быстрая сортировка вызов 7: low=3, high=4, подмассив=[22, 99]
2025-10-21 20:40:59,473 - INFO - Разделение 4: low=3, high=4, pivot=22, массив=[22, 99]
2025-10-21 20:40:59,473 - INFO - Разделение 4, итерация 1: i=2, j=5
2025-10-21 20:40:59,473 - INFO - Уменьшаем j до 3 (nums[j]=22)
2025-10-21 20:40:59,473 - INFO - После поиска: i=3, j=3
2025-10-21 20:40:59,473 - INFO - Разделение 4 завершено: split_index=3
2025-10-21 20:40:59,473 - INFO -     Разделение завершено: split_index=3
2025-10-21 20:40:59,473 - INFO -       Быстрая сортировка вызов 8: low=3, high=3, подмассив=[22]
2025-10-21 20:40:59,473 - INFO -       Базовый случай: low=3, high=3
2025-10-21 20:40:59,473 - INFO -       Быстрая сортировка вызов 9: low=4, high=4, подмассив=[99]
2025-10-21 20:40:59,473 - INFO -       Базовый случай: low=4, high=4
2025-10-21 20:40:59,473 - INFO - Быстрая сортировка завершена: [1, 5, 18, 22, 99]
2025-10-21 20:40:59,473 - INFO - Всего вызовов partition: 4, всего рекурсивных вызовов: 9
2025-10-21 20:40:59,473 - INFO - Конец программы
